<?xml version="1.0" encoding="UTF-8"?>
<!-- Generated by org.testng.reporters.JUnitReportReporter -->
<testsuite skipped="0" hostname="DESKTOP-URPP6LK" name="test.Subjects" tests="3" failures="0" timestamp="2020-12-15T09:20:44 IST" time="0.011" errors="0">
  <testcase name="science" time="0.005" classname="test.Subjects"/>
  <system-out/>
  <testcase name="social" time="0.004" classname="test.Subjects"/>
  <system-out/>
  <testcase name="maths" time="0.002" classname="test.Subjects"/>
  <system-out/>
</testsuite> <!-- test.Subjects -->
