<?xml version="1.0" encoding="UTF-8"?>
<!-- Generated by org.testng.reporters.JUnitReportReporter -->
<testsuite skipped="0" hostname="DESKTOP-URPP6LK" name="test.test1" tests="1" failures="0" timestamp="2020-12-14T15:39:44 IST" time="0.009" errors="0">
  <testcase name="english" time="0.009" classname="test.test1"/>
  <system-out/>
</testsuite> <!-- test.test1 -->
